platforms/android/app/build/outputs/logs/manifest-merger-debug-report.txt
-- Merging decision tree log ---
manifest
ADDED from src/main/AndroidManifest.xml:2:1-18:12
INJECTED from src/main/AndroidManifest.xml:2:1-18:12
INJECTED from src/main/AndroidManifest.xml:2:1-18:12
INJECTED from src/main/AndroidManifest.xml:2:1-18:12
MERGED from [:CordovaLib] AndroidManifest.xml:20:1-27:12
INJECTED from src/main/AndroidManifest.xml:2:1-18:12
INJECTED from src/main/AndroidManifest.xml:2:1-18:12
INJECTED from src/main/AndroidManifest.xml:2:1-18:12
	package
		ADDED from src/main/AndroidManifest.xml:2:102-145
		INJECTED from src/main/AndroidManifest.xml
		INJECTED from src/main/AndroidManifest.xml
	android:versionName
		ADDED from src/main/AndroidManifest.xml:2:74-101
		INJECTED from src/main/AndroidManifest.xml
		INJECTED from src/main/AndroidManifest.xml
	android:hardwareAccelerated
		ADDED from src/main/AndroidManifest.xml:2:11-45
	xmlns:android
		ADDED from src/main/AndroidManifest.xml:2:146-204
	android:versionCode
		ADDED from src/main/AndroidManifest.xml:2:46-73
		INJECTED from src/main/AndroidManifest.xml
		INJECTED from src/main/AndroidManifest.xml
supports-screens
ADDED from src/main/AndroidManifest.xml:3:5-191
	android:largeScreens
		ADDED from src/main/AndroidManifest.xml:3:49-76
	android:smallScreens
		ADDED from src/main/AndroidManifest.xml:3:132-159
	android:normalScreens
		ADDED from src/main/AndroidManifest.xml:3:77-105
	android:xlargeScreens
		ADDED from src/main/AndroidManifest.xml:3:160-188
	android:resizeable
		ADDED from src/main/AndroidManifest.xml:3:106-131
	android:anyDensity
		ADDED from src/main/AndroidManifest.xml:3:23-48
uses-permission#android.permission.INTERNET
ADDED from src/main/AndroidManifest.xml:4:5-67
	android:name
		ADDED from src/main/AndroidManifest.xml:4:22-64
uses-permission#android.permission.ACCESS_FINE_LOCATION
ADDED from src/main/AndroidManifest.xml:5:5-79
	android:name
		ADDED from src/main/AndroidManifest.xml:5:22-76
uses-permission#android.permission.ACCESS_COARSE_LOCATION
ADDED from src/main/AndroidManifest.xml:6:5-81
	android:name
		ADDED from src/main/AndroidManifest.xml:6:22-78
application
ADDED from src/main/AndroidManifest.xml:7:5-16:19
	android:supportsRtl
		ADDED from src/main/AndroidManifest.xml:7:114-140
	android:label
		ADDED from src/main/AndroidManifest.xml:7:81-113
	android:hardwareAccelerated
		ADDED from src/main/AndroidManifest.xml:7:18-52
	android:icon
		ADDED from src/main/AndroidManifest.xml:7:53-80
activity#com.example.sample.cordovaproject.MainActivity
ADDED from src/main/AndroidManifest.xml:8:9-13:20
	android:label
		ADDED from src/main/AndroidManifest.xml:8:97-134
	android:launchMode
		ADDED from src/main/AndroidManifest.xml:8:135-165
	android:windowSoftInputMode
		ADDED from src/main/AndroidManifest.xml:8:257-299
	android:configChanges
		ADDED from src/main/AndroidManifest.xml:8:19-96
	android:theme
		ADDED from src/main/AndroidManifest.xml:8:194-256
	android:name
		ADDED from src/main/AndroidManifest.xml:8:166-193
intent-filter#android.intent.action.MAIN+android.intent.category.LAUNCHER
ADDED from src/main/AndroidManifest.xml:9:13-12:29
	android:label
		ADDED from src/main/AndroidManifest.xml:9:28-65
action#android.intent.action.MAIN
ADDED from src/main/AndroidManifest.xml:10:17-69
	android:name
		ADDED from src/main/AndroidManifest.xml:10:25-66
category#android.intent.category.LAUNCHER
ADDED from src/main/AndroidManifest.xml:11:17-77
	android:name
		ADDED from src/main/AndroidManifest.xml:11:27-74
activity#com.example.sample.plugin.NewActivity
ADDED from src/main/AndroidManifest.xml:14:9-103
	android:label
		ADDED from src/main/AndroidManifest.xml:14:19-47
	android:name
		ADDED from src/main/AndroidManifest.xml:14:48-100
meta-data#com.google.android.gms.version
ADDED from src/main/AndroidManifest.xml:15:9-122
	android:value
		ADDED from src/main/AndroidManifest.xml:15:66-119
	android:name
		ADDED from src/main/AndroidManifest.xml:15:20-65
uses-sdk
ADDED from src/main/AndroidManifest.xml:17:5-74
INJECTED from src/main/AndroidManifest.xml:17:5-74
MERGED from [:CordovaLib] AndroidManifest.xml:25:5-44
MERGED from [:CordovaLib] AndroidManifest.xml:25:5-44
INJECTED from src/main/AndroidManifest.xml:17:5-74
	android:targetSdkVersion
		ADDED from src/main/AndroidManifest.xml:17:42-71
	android:minSdkVersion
		ADDED from src/main/AndroidManifest.xml:17:15-41
		INJECTED from src/main/AndroidManifest.xml
		INJECTED from src/main/AndroidManifest.xml